<?xml version="1.0" encoding="UTF-8"?>
<!-- Generated by org.testng.reporters.JUnitReportReporter -->
<testsuite hostname="DESKTOP-64117D5" failures="0" tests="3" name="org.SkyappzDigitalmarketing.utils.SkyappzDigitalmarketing" time="354.382" errors="0" timestamp="2024-11-18T20:43:30 IST" skipped="0">
  <testcase classname="org.SkyappzDigitalmarketing.utils.SkyappzDigitalmarketing" name="runFirefoxTests" time="126.961"/>
  <system-out/>
  <testcase classname="org.SkyappzDigitalmarketing.utils.SkyappzDigitalmarketing" name="runChromeTests" time="101.511"/>
  <system-out/>
  <testcase classname="org.SkyappzDigitalmarketing.utils.SkyappzDigitalmarketing" name="runEdgeTests" time="125.910"/>
  <system-out/>
</testsuite> <!-- org.SkyappzDigitalmarketing.utils.SkyappzDigitalmarketing -->
