<?xml version="1.0" encoding="UTF-8"?>
<!-- Generated by org.testng.reporters.JUnitReportReporter -->
<testsuite hostname="DESKTOP-64117D5" failures="0" tests="1" name="work.Skyappzacademy.SkyappzAcademy" time="50.095" errors="0" timestamp="2024-11-18T16:20:42 IST" skipped="0">
  <testcase classname="work.Skyappzacademy.SkyappzAcademy" name="testSkyappzModules" time="50.095"/>
  <system-out/>
</testsuite> <!-- work.Skyappzacademy.SkyappzAcademy -->
