<?xml version="1.0" encoding="UTF-8"?>
<!-- Generated by org.testng.reporters.JUnitReportReporter -->
<testsuite hostname="DESKTOP-64117D5" failures="0" tests="3" name="org.skyappzUIUX.utils.SkyappzUIUX" time="199.041" errors="0" timestamp="2024-11-18T20:31:09 IST" skipped="0">
  <testcase classname="org.skyappzUIUX.utils.SkyappzUIUX" name="runFirefoxTests" time="65.115"/>
  <system-out/>
  <testcase classname="org.skyappzUIUX.utils.SkyappzUIUX" name="runChromeTests" time="65.739"/>
  <system-out/>
  <testcase classname="org.skyappzUIUX.utils.SkyappzUIUX" name="runEdgeTests" time="68.187"/>
  <system-out/>
</testsuite> <!-- org.skyappzUIUX.utils.SkyappzUIUX -->
