<?xml version="1.0" encoding="UTF-8"?>
<!-- Generated by org.testng.reporters.JUnitReportReporter -->
<testsuite hostname="DESKTOP-64117D5" failures="0" tests="1" name="SkyappzHomemodule.skyappzacademymodule" time="7.115" errors="0" timestamp="2024-11-18T16:35:46 IST" skipped="0">
  <testcase classname="SkyappzHomemodule.skyappzacademymodule" name="testSkyappzAcademyDataScienceSubModules" time="7.115"/>
  <system-out/>
</testsuite> <!-- SkyappzHomemodule.skyappzacademymodule -->
