<?xml version="1.0" encoding="UTF-8"?>
<!-- Generated by org.testng.reporters.JUnitReportReporter -->
<testsuite hostname="DESKTOP-64117D5" failures="0" tests="3" name="org.skyappzDatascience.utils.SkyappzDatascience" time="221.628" errors="0" timestamp="2024-11-18T20:13:32 IST" skipped="0">
  <testcase classname="org.skyappzDatascience.utils.SkyappzDatascience" name="runFirefoxTests" time="86.358"/>
  <system-out/>
  <testcase classname="org.skyappzDatascience.utils.SkyappzDatascience" name="runChromeTests" time="63.401"/>
  <system-out/>
  <testcase classname="org.skyappzDatascience.utils.SkyappzDatascience" name="runEdgeTests" time="71.869"/>
  <system-out/>
</testsuite> <!-- org.skyappzDatascience.utils.SkyappzDatascience -->
