<?xml version="1.0" encoding="UTF-8"?>
<!-- Generated by org.testng.reporters.JUnitReportReporter -->
<testsuite hostname="DESKTOP-64117D5" failures="0" tests="3" name="org.Devops.utils.SkyappzDevops" time="230.311" errors="0" timestamp="2024-11-18T20:09:22 IST" skipped="0">
  <testcase classname="org.Devops.utils.SkyappzDevops" name="runFirefoxTests" time="84.467"/>
  <system-out/>
  <testcase classname="org.Devops.utils.SkyappzDevops" name="runChromeTests" time="69.902"/>
  <system-out/>
  <testcase classname="org.Devops.utils.SkyappzDevops" name="runEdgeTests" time="75.942"/>
  <system-out/>
</testsuite> <!-- org.Devops.utils.SkyappzDevops -->
