<?xml version="1.0" encoding="UTF-8"?>
<!-- Generated by org.testng.reporters.JUnitReportReporter -->
<testsuite hostname="DESKTOP-64117D5" failures="0" tests="3" name="org.SkyappzFullstackmodule.utils.SkyappzFullstackdeveloper" time="242.451" errors="0" timestamp="2024-11-18T19:31:19 IST" skipped="0">
  <testcase classname="org.SkyappzFullstackmodule.utils.SkyappzFullstackdeveloper" name="runFirefoxTests" time="70.727"/>
  <system-out/>
  <testcase classname="org.SkyappzFullstackmodule.utils.SkyappzFullstackdeveloper" name="runChromeTests" time="70.766"/>
  <system-out/>
  <testcase classname="org.SkyappzFullstackmodule.utils.SkyappzFullstackdeveloper" name="runEdgeTests" time="100.958"/>
  <system-out/>
</testsuite> <!-- org.SkyappzFullstackmodule.utils.SkyappzFullstackdeveloper -->
