<?xml version="1.0" encoding="UTF-8"?>
<!-- Generated by org.testng.reporters.JUnitReportReporter -->
<testsuite hostname="DESKTOP-64117D5" failures="0" tests="3" name="org.skyappzsoftweretesting.utils.Skyappzsoftweretesting" time="249.593" errors="0" timestamp="2024-11-18T20:26:28 IST" skipped="0">
  <testcase classname="org.skyappzsoftweretesting.utils.Skyappzsoftweretesting" name="runFirefoxTests" time="110.034"/>
  <system-out/>
  <testcase classname="org.skyappzsoftweretesting.utils.Skyappzsoftweretesting" name="runChromeTests" time="74.008"/>
  <system-out/>
  <testcase classname="org.skyappzsoftweretesting.utils.Skyappzsoftweretesting" name="runEdgeTests" time="65.551"/>
  <system-out/>
</testsuite> <!-- org.skyappzsoftweretesting.utils.Skyappzsoftweretesting -->
