<?xml version="1.0" encoding="UTF-8"?>
<!-- Generated by org.testng.reporters.JUnitReportReporter -->
<testsuite hostname="DESKTOP-64117D5" failures="0" tests="1" name="work.Skyappzacademy.submodule" time="28.347" errors="0" timestamp="2024-11-18T15:29:22 IST" skipped="0">
  <testcase classname="work.Skyappzacademy.submodule" name="testSkyappzAcademyDataScienceSubModules" time="28.347"/>
  <system-out/>
</testsuite> <!-- work.Skyappzacademy.submodule -->
