<?xml version="1.0" encoding="UTF-8"?>
<!-- Generated by org.testng.reporters.JUnitReportReporter -->
<testsuite hostname="DESKTOP-64117D5" failures="0" tests="3" name="org.Dataanalyst.utils.SkyappzDataanalyst" time="210.292" errors="0" timestamp="2024-11-18T20:04:46 IST" skipped="0">
  <testcase classname="org.Dataanalyst.utils.SkyappzDataanalyst" name="runFirefoxTests" time="66.625"/>
  <system-out/>
  <testcase classname="org.Dataanalyst.utils.SkyappzDataanalyst" name="runChromeTests" time="65.644"/>
  <system-out/>
  <testcase classname="org.Dataanalyst.utils.SkyappzDataanalyst" name="runEdgeTests" time="78.023"/>
  <system-out/>
</testsuite> <!-- org.Dataanalyst.utils.SkyappzDataanalyst -->
